{"level":30,"time":1668703406668,"pid":14518,"hostname":"MAX-PC","name":"utils","msg":"GET: [http://lmswebapidev.cloudandpartners.com/api/Tables/GetFunzioniRuoliForm/Massimiliano/FRM_ProgBase_Ricerca]"}
{"level":20,"time":1668703406668,"pid":14518,"hostname":"MAX-PC","name":"apicommon","msg":"pid NON PRESENTE"}
{"level":30,"time":1668703406829,"pid":14518,"hostname":"MAX-PC","name":"utils","msg":"GET: [http://lmswebapidev.cloudandpartners.com/api/Tables/GetAnagraficaStudente/0]"}
{"level":30,"time":1668703407041,"pid":14518,"hostname":"MAX-PC","name":"utils","msg":"GET: [http://lmswebapidev.cloudandpartners.com/api/Tables/GetMenuXUserName/Massimiliano]"}
{"level":20,"time":1668703431330,"pid":14518,"hostname":"MAX-PC","name":"apicommon","msg":"pid NON PRESENTE"}
{"level":30,"time":1668703431330,"pid":14518,"hostname":"MAX-PC","name":"utils","msg":"GET: [http://lmswebapidev.cloudandpartners.com/api/Tables/GetFunzioniRuoliForm/Massimiliano/FRM_ProgBase_Ricerca]"}
{"level":30,"time":1668703431416,"pid":14518,"hostname":"MAX-PC","name":"utils","msg":"GET: [http://lmswebapidev.cloudandpartners.com/api/Tables/GetAnagraficaStudente/0]"}
{"level":30,"time":1668703431544,"pid":14518,"hostname":"MAX-PC","name":"utils","msg":"GET: [http://lmswebapidev.cloudandpartners.com/api/Tables/GetMenuXUserName/Massimiliano]"}
{"level":30,"time":1668703434420,"pid":14518,"hostname":"MAX-PC","name":"utils","msg":"GET: [http://lmswebapidev.cloudandpartners.com/api/Tables/GetFunzioniRuoliForm/Massimiliano/FRM_ProgBase_Ricerca]"}
{"level":20,"time":1668703434419,"pid":14518,"hostname":"MAX-PC","name":"apicommon","msg":"pid: [39]"}
{"level":30,"time":1668703434503,"pid":14518,"hostname":"MAX-PC","name":"utils","msg":"GET: [http://lmswebapidev.cloudandpartners.com/api/Tables/GetToponimoCombo]"}
{"level":30,"time":1668703434626,"pid":14518,"hostname":"MAX-PC","name":"utils","msg":"GET: [http://lmswebapidev.cloudandpartners.com/api/Tables/GetTipoIstitutoIndirizzoCombo/0]"}
{"level":30,"time":1668703434692,"pid":14518,"hostname":"MAX-PC","name":"utils","msg":"GET: [http://lmswebapidev.cloudandpartners.com/api/Tables/GetAnnoAccademicoCombo]"}
{"level":30,"time":1668703434755,"pid":14518,"hostname":"MAX-PC","name":"utils","msg":"GET: [http://lmswebapidev.cloudandpartners.com/api/Tables/GetTipoStudenteCombo]"}
{"level":30,"time":1668703434817,"pid":14518,"hostname":"MAX-PC","name":"utils","msg":"GET: [http://lmswebapidev.cloudandpartners.com/api/AnfrAnnoFrequenzaAnas]"}
{"level":30,"time":1668703434881,"pid":14518,"hostname":"MAX-PC","name":"utils","msg":"GET: [http://lmswebapidev.cloudandpartners.com/api/Tables/GetMenuXUserName/Massimiliano]"}
{"level":30,"time":1668703434954,"pid":14518,"hostname":"MAX-PC","name":"utils","msg":"GET: [http://lmswebapidev.cloudandpartners.com/api/Tables/GetIscrizioneStudentexIdPersona/0/39/0/0/0]"}
{"level":30,"time":1668703435023,"pid":14518,"hostname":"MAX-PC","name":"utils","msg":"GET: [http://lmswebapidev.cloudandpartners.com/api/PersPersonaDats/39]"}
{"level":30,"time":1668703435106,"pid":14518,"hostname":"MAX-PC","name":"utils","msg":"GET: [http://lmswebapidev.cloudandpartners.com/api/Tables/GetAnagraficaPersone/39]"}
{"level":30,"time":1668703435784,"pid":14518,"hostname":"MAX-PC","name":"utils","msg":"GET: [http://lmswebapidev.cloudandpartners.com/api/Tables/GetPaeseCombo/0]"}
{"level":30,"time":1668703435785,"pid":14518,"hostname":"MAX-PC","name":"utils","msg":"GET: [http://lmswebapidev.cloudandpartners.com/api/Tables/GetPaeseCombo/0]"}
{"level":30,"time":1668703435785,"pid":14518,"hostname":"MAX-PC","name":"utils","msg":"GET: [http://lmswebapidev.cloudandpartners.com/api/Tables/GetPaeseCombo/0]"}
{"level":30,"time":1668703435787,"pid":14518,"hostname":"MAX-PC","name":"utils","msg":"GET: [http://lmswebapidev.cloudandpartners.com/api/Tables/GetPaeseCombo/0]"}
{"level":30,"time":1668703435788,"pid":14518,"hostname":"MAX-PC","name":"utils","msg":"GET: [http://lmswebapidev.cloudandpartners.com/api/Tables/GetPaeseCombo/0]"}
{"level":30,"time":1668703435788,"pid":14518,"hostname":"MAX-PC","name":"utils","msg":"GET: [http://lmswebapidev.cloudandpartners.com/api/Tables/GetNotificaDaAppuntamento/Massimiliano]"}
{"level":20,"time":1668703435783,"pid":14518,"hostname":"MAX-PC","name":"apicommon","msg":"pid: [1]"}
{"level":20,"time":1668703435783,"pid":14518,"hostname":"MAX-PC","name":"apicommon","msg":"pid: [14]"}
{"level":20,"time":1668703435783,"pid":14518,"hostname":"MAX-PC","name":"apicommon","msg":"pid: [1]"}
{"level":20,"time":1668703435783,"pid":14518,"hostname":"MAX-PC","name":"apicommon","msg":"pid: [118]"}
{"level":20,"time":1668703435783,"pid":14518,"hostname":"MAX-PC","name":"apicommon","msg":"pid: [1]"}
{"level":20,"time":1668703435783,"pid":14518,"hostname":"MAX-PC","name":"apicommon","msg":"pid: [Massimiliano]"}
{"level":20,"time":1668703435889,"pid":14518,"hostname":"MAX-PC","name":"apicommon","msg":"pid: [118]"}
{"level":30,"time":1668703435889,"pid":14518,"hostname":"MAX-PC","name":"utils","msg":"GET: [http://lmswebapidev.cloudandpartners.com/api/Tables/GetPaeseCombo/0]"}
{"level":30,"time":1668703436115,"pid":14518,"hostname":"MAX-PC","name":"utils","msg":"GET: [http://lmswebapidev.cloudandpartners.com/api/Tables/GetRegioneCombo/0]"}
{"level":20,"time":1668703436113,"pid":14518,"hostname":"MAX-PC","name":"apicommon","msg":"pid: [14]"}
{"level":20,"time":1668703436114,"pid":14518,"hostname":"MAX-PC","name":"apicommon","msg":"pid: [118]"}
{"level":20,"time":1668703436170,"pid":14518,"hostname":"MAX-PC","name":"apicommon","msg":"pid: [118]"}
{"level":30,"time":1668703436170,"pid":14518,"hostname":"MAX-PC","name":"utils","msg":"GET: [http://lmswebapidev.cloudandpartners.com/api/Tables/GetRegioneCombo/0]"}
{"level":30,"time":1668703436297,"pid":14518,"hostname":"MAX-PC","name":"utils","msg":"GET: [http://lmswebapidev.cloudandpartners.com/api/Tables/GetProvinciaCombo/-1/0]"}
{"level":20,"time":1668703436296,"pid":14518,"hostname":"MAX-PC","name":"apicommon","msg":"pid: [-1]"}
{"level":20,"time":1668703436299,"pid":14518,"hostname":"MAX-PC","name":"apicommon","msg":"pid: [18]"}
{"level":30,"time":1668703436299,"pid":14518,"hostname":"MAX-PC","name":"utils","msg":"GET: [http://lmswebapidev.cloudandpartners.com/api/Tables/GetProvinciaCombo/18/0]"}
{"level":20,"time":1668703436302,"pid":14518,"hostname":"MAX-PC","name":"apicommon","msg":"pid: [7]"}
{"level":30,"time":1668703436302,"pid":14518,"hostname":"MAX-PC","name":"utils","msg":"GET: [http://lmswebapidev.cloudandpartners.com/api/Tables/GetProvinciaCombo/7/0]"}
{"level":30,"time":1668703436504,"pid":14518,"hostname":"MAX-PC","name":"utils","msg":"GET: [http://lmswebapidev.cloudandpartners.com/api/Tables/GetComuneCombo/-1]"}
{"level":30,"time":1668703436506,"pid":14518,"hostname":"MAX-PC","name":"utils","msg":"GET: [http://lmswebapidev.cloudandpartners.com/api/Tables/GetComuneCombo/8]"}
{"level":20,"time":1668703436504,"pid":14518,"hostname":"MAX-PC","name":"apicommon","msg":"pid: [-1]"}
{"level":20,"time":1668703436506,"pid":14518,"hostname":"MAX-PC","name":"apicommon","msg":"pid: [8]"}
{"level":20,"time":1668703436508,"pid":14518,"hostname":"MAX-PC","name":"apicommon","msg":"pid: [79]"}
{"level":30,"time":1668703436508,"pid":14518,"hostname":"MAX-PC","name":"utils","msg":"GET: [http://lmswebapidev.cloudandpartners.com/api/Tables/GetComuneCombo/79]"}
{"level":20,"time":1668703436659,"pid":14518,"hostname":"MAX-PC","name":"apicommon","msg":"pid: [14]"}
{"level":20,"time":1668703436689,"pid":14518,"hostname":"MAX-PC","name":"apicommon","msg":"pid: [-1]"}
{"level":30,"time":1668703436689,"pid":14518,"hostname":"MAX-PC","name":"utils","msg":"GET: [http://lmswebapidev.cloudandpartners.com/api/Tables/GetProvinciaCombo/-1/0]"}
{"level":20,"time":1668703436717,"pid":14518,"hostname":"MAX-PC","name":"apicommon","msg":"pid: [-1]"}
{"level":30,"time":1668703436717,"pid":14518,"hostname":"MAX-PC","name":"utils","msg":"GET: [http://lmswebapidev.cloudandpartners.com/api/Tables/GetComuneCombo/-1]"}
{"level":20,"time":1668703437215,"pid":14518,"hostname":"MAX-PC","name":"apicommon","msg":"pid: [118]"}
{"level":30,"time":1668703437215,"pid":14518,"hostname":"MAX-PC","name":"utils","msg":"GET: [http://lmswebapidev.cloudandpartners.com/api/Tables/GetRegioneCombo/0]"}
{"level":20,"time":1668703437239,"pid":14518,"hostname":"MAX-PC","name":"apicommon","msg":"pid: [7]"}
{"level":30,"time":1668703437239,"pid":14518,"hostname":"MAX-PC","name":"utils","msg":"GET: [http://lmswebapidev.cloudandpartners.com/api/Tables/GetProvinciaCombo/7/0]"}
{"level":20,"time":1668703437260,"pid":14518,"hostname":"MAX-PC","name":"apicommon","msg":"pid: [8]"}
{"level":30,"time":1668703437260,"pid":14518,"hostname":"MAX-PC","name":"utils","msg":"GET: [http://lmswebapidev.cloudandpartners.com/api/Tables/GetComuneCombo/8]"}
{"level":20,"time":1668703437746,"pid":14518,"hostname":"MAX-PC","name":"apicommon","msg":"pid: [118]"}
{"level":30,"time":1668703437746,"pid":14518,"hostname":"MAX-PC","name":"utils","msg":"GET: [http://lmswebapidev.cloudandpartners.com/api/Tables/GetRegioneCombo/0]"}
{"level":20,"time":1668703437770,"pid":14518,"hostname":"MAX-PC","name":"apicommon","msg":"pid: [18]"}
{"level":30,"time":1668703437770,"pid":14518,"hostname":"MAX-PC","name":"utils","msg":"GET: [http://lmswebapidev.cloudandpartners.com/api/Tables/GetProvinciaCombo/18/0]"}
{"level":20,"time":1668703437799,"pid":14518,"hostname":"MAX-PC","name":"apicommon","msg":"pid: [79]"}
{"level":30,"time":1668703437799,"pid":14518,"hostname":"MAX-PC","name":"utils","msg":"GET: [http://lmswebapidev.cloudandpartners.com/api/Tables/GetComuneCombo/79]"}
{"level":20,"time":1668703449519,"pid":14518,"hostname":"MAX-PC","name":"apicommon","msg":"pid: [39]"}
{"level":30,"time":1668703449520,"pid":14518,"hostname":"MAX-PC","name":"utils","msg":"GET: [http://lmswebapidev.cloudandpartners.com/api/Tables/GetFunzioniRuoliForm/Massimiliano/FRM_ProgBase_Ricerca]"}
{"level":30,"time":1668703449623,"pid":14518,"hostname":"MAX-PC","name":"utils","msg":"GET: [http://lmswebapidev.cloudandpartners.com/api/Tables/GetToponimoCombo]"}
{"level":30,"time":1668703449738,"pid":14518,"hostname":"MAX-PC","name":"utils","msg":"GET: [http://lmswebapidev.cloudandpartners.com/api/Tables/GetTipoIstitutoIndirizzoCombo/0]"}
{"level":30,"time":1668703449806,"pid":14518,"hostname":"MAX-PC","name":"utils","msg":"GET: [http://lmswebapidev.cloudandpartners.com/api/Tables/GetAnnoAccademicoCombo]"}
{"level":30,"time":1668703449873,"pid":14518,"hostname":"MAX-PC","name":"utils","msg":"GET: [http://lmswebapidev.cloudandpartners.com/api/Tables/GetTipoStudenteCombo]"}
{"level":30,"time":1668703449938,"pid":14518,"hostname":"MAX-PC","name":"utils","msg":"GET: [http://lmswebapidev.cloudandpartners.com/api/AnfrAnnoFrequenzaAnas]"}
{"level":30,"time":1668703450004,"pid":14518,"hostname":"MAX-PC","name":"utils","msg":"GET: [http://lmswebapidev.cloudandpartners.com/api/Tables/GetMenuXUserName/Massimiliano]"}
{"level":30,"time":1668703450073,"pid":14518,"hostname":"MAX-PC","name":"utils","msg":"GET: [http://lmswebapidev.cloudandpartners.com/api/Tables/GetIscrizioneStudentexIdPersona/0/39/0/0/0]"}
{"level":30,"time":1668703450143,"pid":14518,"hostname":"MAX-PC","name":"utils","msg":"GET: [http://lmswebapidev.cloudandpartners.com/api/PersPersonaDats/39]"}
{"level":30,"time":1668703450224,"pid":14518,"hostname":"MAX-PC","name":"utils","msg":"GET: [http://lmswebapidev.cloudandpartners.com/api/Tables/GetAnagraficaPersone/39]"}
{"level":20,"time":1668703477467,"pid":14518,"hostname":"MAX-PC","name":"apicommon","msg":"pid: [39]"}
{"level":30,"time":1668703477467,"pid":14518,"hostname":"MAX-PC","name":"utils","msg":"GET: [http://lmswebapidev.cloudandpartners.com/api/Tables/GetFunzioniRuoliForm/Massimiliano/FRM_ProgBase_Ricerca]"}
{"level":30,"time":1668703477571,"pid":14518,"hostname":"MAX-PC","name":"utils","msg":"GET: [http://lmswebapidev.cloudandpartners.com/api/Tables/GetToponimoCombo]"}
{"level":30,"time":1668703477686,"pid":14518,"hostname":"MAX-PC","name":"utils","msg":"GET: [http://lmswebapidev.cloudandpartners.com/api/Tables/GetTipoIstitutoIndirizzoCombo/0]"}
{"level":30,"time":1668703477753,"pid":14518,"hostname":"MAX-PC","name":"utils","msg":"GET: [http://lmswebapidev.cloudandpartners.com/api/Tables/GetAnnoAccademicoCombo]"}
{"level":30,"time":1668703477820,"pid":14518,"hostname":"MAX-PC","name":"utils","msg":"GET: [http://lmswebapidev.cloudandpartners.com/api/Tables/GetTipoStudenteCombo]"}
{"level":30,"time":1668703477884,"pid":14518,"hostname":"MAX-PC","name":"utils","msg":"GET: [http://lmswebapidev.cloudandpartners.com/api/AnfrAnnoFrequenzaAnas]"}
{"level":30,"time":1668703477956,"pid":14518,"hostname":"MAX-PC","name":"utils","msg":"GET: [http://lmswebapidev.cloudandpartners.com/api/Tables/GetMenuXUserName/Massimiliano]"}
{"level":30,"time":1668703478025,"pid":14518,"hostname":"MAX-PC","name":"utils","msg":"GET: [http://lmswebapidev.cloudandpartners.com/api/Tables/GetIscrizioneStudentexIdPersona/0/39/0/0/0]"}
{"level":30,"time":1668703478091,"pid":14518,"hostname":"MAX-PC","name":"utils","msg":"GET: [http://lmswebapidev.cloudandpartners.com/api/PersPersonaDats/39]"}
{"level":30,"time":1668703478158,"pid":14518,"hostname":"MAX-PC","name":"utils","msg":"GET: [http://lmswebapidev.cloudandpartners.com/api/Tables/GetAnagraficaPersone/39]"}
{"level":20,"time":1668703483161,"pid":14518,"hostname":"MAX-PC","name":"apicommon","msg":"pid: [39]"}
{"level":30,"time":1668703483161,"pid":14518,"hostname":"MAX-PC","name":"utils","msg":"GET: [http://lmswebapidev.cloudandpartners.com/api/Tables/GetFunzioniRuoliForm/Massimiliano/FRM_ProgBase_Ricerca]"}
{"level":30,"time":1668703483239,"pid":14518,"hostname":"MAX-PC","name":"utils","msg":"GET: [http://lmswebapidev.cloudandpartners.com/api/Tables/GetToponimoCombo]"}
{"level":30,"time":1668703483352,"pid":14518,"hostname":"MAX-PC","name":"utils","msg":"GET: [http://lmswebapidev.cloudandpartners.com/api/Tables/GetTipoIstitutoIndirizzoCombo/0]"}
{"level":30,"time":1668703483419,"pid":14518,"hostname":"MAX-PC","name":"utils","msg":"GET: [http://lmswebapidev.cloudandpartners.com/api/Tables/GetAnnoAccademicoCombo]"}
{"level":30,"time":1668703483483,"pid":14518,"hostname":"MAX-PC","name":"utils","msg":"GET: [http://lmswebapidev.cloudandpartners.com/api/Tables/GetTipoStudenteCombo]"}
{"level":30,"time":1668703483548,"pid":14518,"hostname":"MAX-PC","name":"utils","msg":"GET: [http://lmswebapidev.cloudandpartners.com/api/AnfrAnnoFrequenzaAnas]"}
{"level":30,"time":1668703483612,"pid":14518,"hostname":"MAX-PC","name":"utils","msg":"GET: [http://lmswebapidev.cloudandpartners.com/api/Tables/GetMenuXUserName/Massimiliano]"}
{"level":30,"time":1668703483680,"pid":14518,"hostname":"MAX-PC","name":"utils","msg":"GET: [http://lmswebapidev.cloudandpartners.com/api/Tables/GetIscrizioneStudentexIdPersona/0/39/0/0/0]"}
{"level":30,"time":1668703483746,"pid":14518,"hostname":"MAX-PC","name":"utils","msg":"GET: [http://lmswebapidev.cloudandpartners.com/api/PersPersonaDats/39]"}
{"level":30,"time":1668703483809,"pid":14518,"hostname":"MAX-PC","name":"utils","msg":"GET: [http://lmswebapidev.cloudandpartners.com/api/Tables/GetAnagraficaPersone/39]"}
{"level":20,"time":1668703490034,"pid":14518,"hostname":"MAX-PC","name":"apicommon","msg":"pid: [39]"}
{"level":30,"time":1668703490034,"pid":14518,"hostname":"MAX-PC","name":"utils","msg":"GET: [http://lmswebapidev.cloudandpartners.com/api/Tables/GetFunzioniRuoliForm/Massimiliano/FRM_ProgBase_Ricerca]"}
{"level":30,"time":1668703490120,"pid":14518,"hostname":"MAX-PC","name":"utils","msg":"GET: [http://lmswebapidev.cloudandpartners.com/api/Tables/GetToponimoCombo]"}
{"level":30,"time":1668703490235,"pid":14518,"hostname":"MAX-PC","name":"utils","msg":"GET: [http://lmswebapidev.cloudandpartners.com/api/Tables/GetTipoIstitutoIndirizzoCombo/0]"}
{"level":30,"time":1668703490301,"pid":14518,"hostname":"MAX-PC","name":"utils","msg":"GET: [http://lmswebapidev.cloudandpartners.com/api/Tables/GetAnnoAccademicoCombo]"}
{"level":30,"time":1668703490361,"pid":14518,"hostname":"MAX-PC","name":"utils","msg":"GET: [http://lmswebapidev.cloudandpartners.com/api/Tables/GetTipoStudenteCombo]"}
{"level":30,"time":1668703490423,"pid":14518,"hostname":"MAX-PC","name":"utils","msg":"GET: [http://lmswebapidev.cloudandpartners.com/api/AnfrAnnoFrequenzaAnas]"}
{"level":30,"time":1668703490488,"pid":14518,"hostname":"MAX-PC","name":"utils","msg":"GET: [http://lmswebapidev.cloudandpartners.com/api/Tables/GetMenuXUserName/Massimiliano]"}
{"level":30,"time":1668703490555,"pid":14518,"hostname":"MAX-PC","name":"utils","msg":"GET: [http://lmswebapidev.cloudandpartners.com/api/Tables/GetIscrizioneStudentexIdPersona/0/39/0/0/0]"}
{"level":30,"time":1668703490634,"pid":14518,"hostname":"MAX-PC","name":"utils","msg":"GET: [http://lmswebapidev.cloudandpartners.com/api/PersPersonaDats/39]"}
{"level":30,"time":1668703490697,"pid":14518,"hostname":"MAX-PC","name":"utils","msg":"GET: [http://lmswebapidev.cloudandpartners.com/api/Tables/GetAnagraficaPersone/39]"}
{"level":20,"time":1668703502417,"pid":14518,"hostname":"MAX-PC","name":"apicommon","msg":"pid: [39]"}
{"level":30,"time":1668703502418,"pid":14518,"hostname":"MAX-PC","name":"utils","msg":"GET: [http://lmswebapidev.cloudandpartners.com/api/Tables/GetFunzioniRuoliForm/Massimiliano/FRM_ProgBase_Ricerca]"}
{"level":30,"time":1668703502498,"pid":14518,"hostname":"MAX-PC","name":"utils","msg":"GET: [http://lmswebapidev.cloudandpartners.com/api/Tables/GetToponimoCombo]"}
{"level":30,"time":1668703502616,"pid":14518,"hostname":"MAX-PC","name":"utils","msg":"GET: [http://lmswebapidev.cloudandpartners.com/api/Tables/GetTipoIstitutoIndirizzoCombo/0]"}
{"level":30,"time":1668703502687,"pid":14518,"hostname":"MAX-PC","name":"utils","msg":"GET: [http://lmswebapidev.cloudandpartners.com/api/Tables/GetAnnoAccademicoCombo]"}
{"level":30,"time":1668703502757,"pid":14518,"hostname":"MAX-PC","name":"utils","msg":"GET: [http://lmswebapidev.cloudandpartners.com/api/Tables/GetTipoStudenteCombo]"}
{"level":30,"time":1668703502825,"pid":14518,"hostname":"MAX-PC","name":"utils","msg":"GET: [http://lmswebapidev.cloudandpartners.com/api/AnfrAnnoFrequenzaAnas]"}
{"level":30,"time":1668703502890,"pid":14518,"hostname":"MAX-PC","name":"utils","msg":"GET: [http://lmswebapidev.cloudandpartners.com/api/Tables/GetMenuXUserName/Massimiliano]"}
{"level":30,"time":1668703502959,"pid":14518,"hostname":"MAX-PC","name":"utils","msg":"GET: [http://lmswebapidev.cloudandpartners.com/api/Tables/GetIscrizioneStudentexIdPersona/0/39/0/0/0]"}
{"level":30,"time":1668703503025,"pid":14518,"hostname":"MAX-PC","name":"utils","msg":"GET: [http://lmswebapidev.cloudandpartners.com/api/PersPersonaDats/39]"}
{"level":30,"time":1668703503088,"pid":14518,"hostname":"MAX-PC","name":"utils","msg":"GET: [http://lmswebapidev.cloudandpartners.com/api/Tables/GetAnagraficaPersone/39]"}
